<?xml version="1.0" encoding="UTF-8"?>
<testng-results ignored="0" total="1" passed="1" failed="0" skipped="0">
  <reporter-output>
  </reporter-output>
  <suite started-at="2019-11-01T03:14:07Z" name="Default suite" finished-at="2019-11-01T03:14:13Z" duration-ms="6620">
    <groups>
    </groups>
    <test started-at="2019-11-01T03:14:07Z" name="Default test" finished-at="2019-11-01T03:14:13Z" duration-ms="6620">
      <class name="testCases.Key_Presses_on_Menu">
        <test-method signature="scroll()[pri:0, instance:testCases.Key_Presses_on_Menu@57250572]" started-at="2019-11-01T03:14:07Z" name="scroll" description="click 4 buttons and assert button text for each click" finished-at="2019-11-01T03:14:13Z" duration-ms="6598" status="PASS">
          <reporter-output>
          </reporter-output>
        </test-method> <!-- scroll -->
      </class> <!-- testCases.Key_Presses_on_Menu -->
    </test> <!-- Default test -->
  </suite> <!-- Default suite -->
</testng-results>
